2024-09-16T15:22:52.096-07:00  INFO 15916 --- [spring-data] [main] c.d.spring_data.SpringDataApplication    : Starting SpringDataApplication using Java 21.0.3 with PID 15916 (C:\Users\ITCompliance\Desktop\Advanced-Java-Backend\spring-data\target\classes started by ITCompliance in C:\Users\ITCompliance\Desktop\Advanced-Java-Backend\spring-data)
2024-09-16T15:22:52.100-07:00  INFO 15916 --- [spring-data] [main] c.d.spring_data.SpringDataApplication    : No active profile set, falling back to 1 default profile: "default"
2024-09-16T15:22:53.177-07:00  INFO 15916 --- [spring-data] [main] .s.d.r.c.RepositoryConfigurationDelegate : Bootstrapping Spring Data JPA repositories in DEFAULT mode.
2024-09-16T15:22:53.450-07:00  INFO 15916 --- [spring-data] [main] .s.d.r.c.RepositoryConfigurationDelegate : Finished Spring Data repository scanning in 256 ms. Found 6 JPA repository interfaces.
2024-09-16T15:22:55.039-07:00  INFO 15916 --- [spring-data] [main] o.s.b.w.embedded.tomcat.TomcatWebServer  : Tomcat initialized with port 8080 (http)
2024-09-16T15:22:55.074-07:00  INFO 15916 --- [spring-data] [main] o.apache.catalina.core.StandardService   : Starting service [Tomcat]
2024-09-16T15:22:55.075-07:00  INFO 15916 --- [spring-data] [main] o.apache.catalina.core.StandardEngine    : Starting Servlet engine: [Apache Tomcat/10.1.28]
2024-09-16T15:22:55.221-07:00  INFO 15916 --- [spring-data] [main] o.a.c.c.C.[Tomcat].[localhost].[/]       : Initializing Spring embedded WebApplicationContext
2024-09-16T15:22:55.222-07:00  INFO 15916 --- [spring-data] [main] w.s.c.ServletWebServerApplicationContext : Root WebApplicationContext: initialization completed in 3028 ms
2024-09-16T15:22:55.541-07:00  INFO 15916 --- [spring-data] [main] o.hibernate.jpa.internal.util.LogHelper  : HHH000204: Processing PersistenceUnitInfo [name: default]
2024-09-16T15:22:55.709-07:00  INFO 15916 --- [spring-data] [main] org.hibernate.Version                    : HHH000412: Hibernate ORM core version 6.5.2.Final
2024-09-16T15:22:55.806-07:00  INFO 15916 --- [spring-data] [main] o.h.c.internal.RegionFactoryInitiator    : HHH000026: Second-level cache disabled
2024-09-16T15:22:56.905-07:00  INFO 15916 --- [spring-data] [main] o.s.o.j.p.SpringPersistenceUnitInfo      : No LoadTimeWeaver setup: ignoring JPA class transformer
2024-09-16T15:22:57.011-07:00  INFO 15916 --- [spring-data] [main] com.zaxxer.hikari.HikariDataSource       : HikariPool-1 - Starting...
2024-09-16T15:22:57.679-07:00  INFO 15916 --- [spring-data] [main] com.zaxxer.hikari.pool.HikariPool        : HikariPool-1 - Added connection org.postgresql.jdbc.PgConnection@467ef400
2024-09-16T15:22:57.684-07:00  INFO 15916 --- [spring-data] [main] com.zaxxer.hikari.HikariDataSource       : HikariPool-1 - Start completed.
2024-09-16T15:22:57.879-07:00  WARN 15916 --- [spring-data] [main] org.hibernate.orm.deprecation            : HHH90000025: PostgreSQLDialect does not need to be specified explicitly using 'hibernate.dialect' (remove the property setting and it will be selected by default)
2024-09-16T15:23:00.490-07:00  INFO 15916 --- [spring-data] [main] o.h.e.t.j.p.i.JtaPlatformInitiator       : HHH000489: No JTA platform available (set 'hibernate.transaction.jta.platform' to enable JTA platform integration)
2024-09-16T15:23:00.553-07:00  WARN 15916 --- [spring-data] [main] o.h.engine.jdbc.spi.SqlExceptionHelper   : SQL Warning Code: 0, SQLState: 00000
2024-09-16T15:23:00.554-07:00  WARN 15916 --- [spring-data] [main] o.h.engine.jdbc.spi.SqlExceptionHelper   : relation "departments" does not exist, skipping
2024-09-16T15:23:00.556-07:00  WARN 15916 --- [spring-data] [main] o.h.engine.jdbc.spi.SqlExceptionHelper   : SQL Warning Code: 0, SQLState: 00000
2024-09-16T15:23:00.556-07:00  WARN 15916 --- [spring-data] [main] o.h.engine.jdbc.spi.SqlExceptionHelper   : relation "doctors" does not exist, skipping
2024-09-16T15:23:00.557-07:00  WARN 15916 --- [spring-data] [main] o.h.engine.jdbc.spi.SqlExceptionHelper   : SQL Warning Code: 0, SQLState: 00000
2024-09-16T15:23:00.558-07:00  WARN 15916 --- [spring-data] [main] o.h.engine.jdbc.spi.SqlExceptionHelper   : relation "hospitalizations" does not exist, skipping
2024-09-16T15:23:00.559-07:00  WARN 15916 --- [spring-data] [main] o.h.engine.jdbc.spi.SqlExceptionHelper   : SQL Warning Code: 0, SQLState: 00000
2024-09-16T15:23:00.560-07:00  WARN 15916 --- [spring-data] [main] o.h.engine.jdbc.spi.SqlExceptionHelper   : relation "hospitalizations" does not exist, skipping
2024-09-16T15:23:00.561-07:00  WARN 15916 --- [spring-data] [main] o.h.engine.jdbc.spi.SqlExceptionHelper   : SQL Warning Code: 0, SQLState: 00000
2024-09-16T15:23:00.562-07:00  WARN 15916 --- [spring-data] [main] o.h.engine.jdbc.spi.SqlExceptionHelper   : relation "hospitalizations" does not exist, skipping
2024-09-16T15:23:00.563-07:00  WARN 15916 --- [spring-data] [main] o.h.engine.jdbc.spi.SqlExceptionHelper   : SQL Warning Code: 0, SQLState: 00000
2024-09-16T15:23:00.563-07:00  WARN 15916 --- [spring-data] [main] o.h.engine.jdbc.spi.SqlExceptionHelper   : relation "nurses" does not exist, skipping
2024-09-16T15:23:00.565-07:00  WARN 15916 --- [spring-data] [main] o.h.engine.jdbc.spi.SqlExceptionHelper   : SQL Warning Code: 0, SQLState: 00000
2024-09-16T15:23:00.565-07:00  WARN 15916 --- [spring-data] [main] o.h.engine.jdbc.spi.SqlExceptionHelper   : relation "nurses" does not exist, skipping
2024-09-16T15:23:00.567-07:00  WARN 15916 --- [spring-data] [main] o.h.engine.jdbc.spi.SqlExceptionHelper   : SQL Warning Code: 0, SQLState: 00000
2024-09-16T15:23:00.567-07:00  WARN 15916 --- [spring-data] [main] o.h.engine.jdbc.spi.SqlExceptionHelper   : relation "wards" does not exist, skipping
2024-09-16T15:23:00.569-07:00  WARN 15916 --- [spring-data] [main] o.h.engine.jdbc.spi.SqlExceptionHelper   : SQL Warning Code: 0, SQLState: 00000
2024-09-16T15:23:00.570-07:00  WARN 15916 --- [spring-data] [main] o.h.engine.jdbc.spi.SqlExceptionHelper   : relation "wards" does not exist, skipping
2024-09-16T15:23:00.571-07:00  WARN 15916 --- [spring-data] [main] o.h.engine.jdbc.spi.SqlExceptionHelper   : SQL Warning Code: 0, SQLState: 00000
2024-09-16T15:23:00.572-07:00  WARN 15916 --- [spring-data] [main] o.h.engine.jdbc.spi.SqlExceptionHelper   : table "departments" does not exist, skipping
2024-09-16T15:23:00.573-07:00  WARN 15916 --- [spring-data] [main] o.h.engine.jdbc.spi.SqlExceptionHelper   : SQL Warning Code: 0, SQLState: 00000
2024-09-16T15:23:00.574-07:00  WARN 15916 --- [spring-data] [main] o.h.engine.jdbc.spi.SqlExceptionHelper   : table "doctors" does not exist, skipping
2024-09-16T15:23:00.575-07:00  WARN 15916 --- [spring-data] [main] o.h.engine.jdbc.spi.SqlExceptionHelper   : SQL Warning Code: 0, SQLState: 00000
2024-09-16T15:23:00.576-07:00  WARN 15916 --- [spring-data] [main] o.h.engine.jdbc.spi.SqlExceptionHelper   : table "employees" does not exist, skipping
2024-09-16T15:23:00.577-07:00  WARN 15916 --- [spring-data] [main] o.h.engine.jdbc.spi.SqlExceptionHelper   : SQL Warning Code: 0, SQLState: 00000
2024-09-16T15:23:00.578-07:00  WARN 15916 --- [spring-data] [main] o.h.engine.jdbc.spi.SqlExceptionHelper   : table "hospitalizations" does not exist, skipping
2024-09-16T15:23:00.579-07:00  WARN 15916 --- [spring-data] [main] o.h.engine.jdbc.spi.SqlExceptionHelper   : SQL Warning Code: 0, SQLState: 00000
2024-09-16T15:23:00.580-07:00  WARN 15916 --- [spring-data] [main] o.h.engine.jdbc.spi.SqlExceptionHelper   : table "nurses" does not exist, skipping
2024-09-16T15:23:00.581-07:00  WARN 15916 --- [spring-data] [main] o.h.engine.jdbc.spi.SqlExceptionHelper   : SQL Warning Code: 0, SQLState: 00000
2024-09-16T15:23:00.581-07:00  WARN 15916 --- [spring-data] [main] o.h.engine.jdbc.spi.SqlExceptionHelper   : table "patients" does not exist, skipping
2024-09-16T15:23:00.582-07:00  WARN 15916 --- [spring-data] [main] o.h.engine.jdbc.spi.SqlExceptionHelper   : SQL Warning Code: 0, SQLState: 00000
2024-09-16T15:23:00.583-07:00  WARN 15916 --- [spring-data] [main] o.h.engine.jdbc.spi.SqlExceptionHelper   : table "wards" does not exist, skipping
2024-09-16T15:23:00.733-07:00  INFO 15916 --- [spring-data] [main] j.LocalContainerEntityManagerFactoryBean : Initialized JPA EntityManagerFactory for persistence unit 'default'
2024-09-16T15:23:01.563-07:00  WARN 15916 --- [spring-data] [main] JpaBaseConfiguration$JpaWebConfiguration : spring.jpa.open-in-view is enabled by default. Therefore, database queries may be performed during view rendering. Explicitly configure spring.jpa.open-in-view to disable this warning
2024-09-16T15:23:02.414-07:00  INFO 15916 --- [spring-data] [main] o.s.b.w.embedded.tomcat.TomcatWebServer  : Tomcat started on port 8080 (http) with context path '/'
2024-09-16T15:23:02.442-07:00  INFO 15916 --- [spring-data] [main] c.d.spring_data.SpringDataApplication    : Started SpringDataApplication in 11.146 seconds (process running for 12.279)
2024-09-16T15:24:07.214-07:00  INFO 15916 --- [spring-data] [SpringApplicationShutdownHook] j.LocalContainerEntityManagerFactoryBean : Closing JPA EntityManagerFactory for persistence unit 'default'
2024-09-16T15:24:07.263-07:00  INFO 15916 --- [spring-data] [SpringApplicationShutdownHook] com.zaxxer.hikari.HikariDataSource       : HikariPool-1 - Shutdown initiated...
2024-09-16T15:24:07.270-07:00  INFO 15916 --- [spring-data] [SpringApplicationShutdownHook] com.zaxxer.hikari.HikariDataSource       : HikariPool-1 - Shutdown completed.
